TN:
SF:/Users/mac/v2-core/contracts/UniswapV2ERC20.sol
DA:9,0
DA:10,0
DA:11,0
DA:12,35634
DA:13,86548
DA:14,0
DA:16,0
DA:18,0
DA:19,0
DA:25,2
DA:27,2
DA:29,2
DA:31,2
DA:32,2
DA:33,2
DA:34,2
DA:35,2
DA:41,2
DA:42,2
DA:43,2
DA:47,0
DA:48,0
DA:49,0
DA:53,0
DA:54,0
DA:58,2
DA:59,2
DA:60,2
DA:63,0
DA:64,0
DA:65,0
DA:68,2
DA:69,2
DA:70,2
DA:73,0
DA:74,0
DA:75,0
DA:77,0
DA:78,0
DA:82,0
DA:83,0
DA:86,0
DA:87,0
DA:90,0
DA:91,0
DA:92,0
FN:40,_mint
FNDA:1,_mint
FN:46,_burn
FNDA:0,_burn
FN:52,_approve
FNDA:0,_approve
FN:57,_transfer
FNDA:1,_transfer
FN:63,approve
FNDA:0,approve
FN:68,transfer
FNDA:1,transfer
FN:73,transferFrom
FNDA:0,transferFrom
FN:81,permit
FNDA:0,permit
end_of_record
SF:/Users/mac/v2-core/contracts/UniswapV2Factory.sol
DA:7,1
DA:8,0
DA:10,22485
DA:11,0
DA:16,1
DA:19,0
DA:20,0
DA:23,1
DA:24,1
DA:25,1
DA:26,1
DA:27,1
DA:28,1
DA:29,1
DA:31,1
DA:33,1
DA:34,1
DA:35,1
DA:36,1
DA:37,1
DA:41,0
DA:42,0
DA:46,0
DA:47,0
FN:19,allPairsLength
FNDA:0,allPairsLength
FN:23,createPair
FNDA:1,createPair
FN:40,setFeeTo
FNDA:0,setFeeTo
FN:45,setFeeToSetter
FNDA:0,setFeeToSetter
end_of_record
SF:/Users/mac/v2-core/contracts/UniswapV2Pair.sol
DA:15,1
DA:16,0
DA:18,0
DA:19,0
DA:20,0
DA:26,0
DA:27,0
DA:28,756
DA:30,1
DA:32,1
DA:33,1
DA:34,1
DA:35,1
DA:38,5420953
DA:39,5420953
DA:40,5420953
DA:41,5420953
DA:45,0
DA:46,0
DA:62,1
DA:67,1
DA:68,1
DA:69,1
DA:74,1
DA:75,1
DA:76,1
DA:77,1
DA:79,0
DA:80,0
DA:82,1
DA:83,1
DA:84,1
DA:85,1
DA:89,1
DA:90,1
DA:91,1
DA:92,1
DA:93,1
DA:94,0
DA:95,0
DA:96,0
DA:97,0
DA:98,0
DA:99,0
DA:100,0
DA:101,0
DA:104,1
DA:105,0
DA:110,1
DA:111,1
DA:112,1
DA:113,1
DA:114,1
DA:115,1
DA:117,1
DA:118,1
DA:119,1
DA:120,1
DA:121,1
DA:123,0
DA:125,1
DA:126,1
DA:128,1
DA:129,1
DA:130,1
DA:134,0
DA:135,0
DA:136,0
DA:137,0
DA:138,0
DA:139,0
DA:140,0
DA:142,0
DA:143,0
DA:144,0
DA:145,0
DA:146,0
DA:147,0
DA:148,0
DA:149,0
DA:150,0
DA:151,0
DA:153,0
DA:154,0
DA:155,0
DA:160,0
DA:161,0
DA:162,0
DA:164,0
DA:165,0
DA:167,0
DA:168,0
DA:169,0
DA:170,0
DA:171,0
DA:172,0
DA:173,0
DA:174,0
DA:176,0
DA:177,0
DA:178,0
DA:180,0
DA:181,0
DA:182,0
DA:185,0
DA:186,0
DA:191,0
DA:192,0
DA:193,0
DA:194,0
DA:199,0
FN:38,getReserves
FNDA:1,getReserves
FN:44,_safeTransfer
FNDA:0,_safeTransfer
FN:66,initialize
FNDA:1,initialize
FN:73,_update
FNDA:1,_update
FN:89,_mintFee
FNDA:1,_mintFee
FN:110,mint
FNDA:1,mint
FN:134,burn
FNDA:0,burn
FN:159,swap
FNDA:0,swap
FN:190,skim
FNDA:0,skim
FN:198,sync
FNDA:0,sync
end_of_record
SF:/Users/mac/v2-core/contracts/interfaces/IERC20.sol
end_of_record
SF:/Users/mac/v2-core/contracts/interfaces/IUniswapV2Callee.sol
end_of_record
SF:/Users/mac/v2-core/contracts/interfaces/IUniswapV2ERC20.sol
end_of_record
SF:/Users/mac/v2-core/contracts/interfaces/IUniswapV2Factory.sol
end_of_record
SF:/Users/mac/v2-core/contracts/interfaces/IUniswapV2Pair.sol
end_of_record
SF:/Users/mac/v2-core/contracts/libraries/Math.sol
DA:5,0
DA:6,0
DA:7,0
DA:11,1
DA:12,1
DA:13,1
DA:14,1
DA:15,76
DA:16,75
DA:17,75
DA:19,0
DA:20,0
FN:6,min
FNDA:0,min
FN:11,sqrt
FNDA:1,sqrt
end_of_record
SF:/Users/mac/v2-core/contracts/libraries/SafeMath.sol
DA:5,0
DA:6,4
DA:7,4
DA:10,3
DA:11,3
DA:14,1
DA:15,1
FN:6,add
FNDA:1,add
FN:10,sub
FNDA:1,sub
FN:14,mul
FNDA:1,mul
end_of_record
SF:/Users/mac/v2-core/contracts/libraries/UQ112x112.sol
DA:8,0
DA:9,0
DA:12,0
DA:13,0
DA:17,0
DA:18,0
FN:12,encode
FNDA:0,encode
FN:17,uqdiv
FNDA:0,uqdiv
end_of_record
SF:/Users/mac/v2-core/contracts/test/ERC20.sol
DA:5,86550
DA:7,2
end_of_record
SF:/Users/mac/v2-core/contracts/test/Invariants/Utils/Cheats.sol
end_of_record
SF:/Users/mac/v2-core/contracts/test/Invariants/v2.sol
DA:11,397
DA:12,405
DA:13,393
DA:14,371
DA:15,1
DA:18,1
DA:19,1
DA:20,1
DA:21,1
DA:24,1
DA:25,1
DA:26,1
DA:32,23603
DA:37,18702
DA:38,18702
DA:43,21702
DA:44,21702
DA:45,21702
DA:50,1038
DA:51,1038
DA:56,1038
DA:60,1038
DA:61,1038
DA:62,1038
DA:63,1038
DA:65,1038
DA:66,1038
DA:67,1038
DA:70,1038
DA:75,1974
DA:81,1974
DA:82,1974
DA:86,1974
DA:89,1974
DA:90,1974
DA:93,1974
DA:100,686
DA:104,686
DA:105,686
DA:109,686
DA:111,0
DA:117,38658
DA:118,38658
DA:119,38658
DA:124,22485
DA:125,22485
DA:130,1049
DA:134,1049
DA:135,1049
DA:139,1049
DA:140,1049
DA:144,1049
DA:145,1049
DA:149,10930429
DA:150,10930429
DA:151,10930429
DA:152,10930429
DA:153,10930429
DA:154,10930429
DA:155,10930429
DA:160,2807223
DA:163,2807223
DA:164,2807223
DA:165,2807223
DA:166,2807223
DA:168,11228892
DA:169,8421669
DA:170,8421669
DA:174,8421669
DA:176,8421669
DA:179,0
DA:183,8421669
DA:186,8421669
DA:192,2506883
DA:198,2506883
DA:200,2506883
DA:203,2506883
DA:206,2506883
DA:210,2506883
DA:212,2506883
DA:214,2506883
DA:218,2506883
DA:223,414
DA:226,414
DA:227,414
DA:230,414
DA:231,414
DA:234,414
DA:235,414
DA:238,414
DA:241,414
DA:242,414
DA:252,440
DA:253,440
DA:256,440
DA:261,371
DA:262,371
DA:266,371
DA:275,399
DA:276,399
DA:279,399
DA:280,399
DA:282,399
DA:284,399
DA:286,0
DA:289,399
DA:290,399
DA:291,399
DA:295,399
DA:301,4727
DA:302,4727
DA:305,4727
DA:308,4727
DA:311,4727
DA:312,4727
DA:313,4727
DA:318,666
DA:319,666
DA:322,666
DA:324,666
DA:326,666
DA:327,666
DA:329,666
DA:330,666
DA:333,666
DA:334,666
DA:337,666
DA:338,666
DA:344,109
DA:347,109
DA:348,109
DA:352,109
DA:355,109
DA:356,109
DA:359,109
DA:360,109
DA:364,109
DA:365,109
DA:370,387
DA:371,387
DA:373,387
DA:375,387
DA:377,387
DA:378,387
DA:380,387
DA:381,387
DA:384,387
DA:385,387
DA:387,387
DA:388,387
DA:391,387
DA:394,387
DA:399,27534
DA:400,27534
DA:401,27534
DA:402,27534
DA:403,2054768
DA:404,2027234
DA:405,2027234
DA:407,0
DA:408,0
DA:417,663
DA:418,663
DA:421,663
DA:422,663
DA:425,663
DA:426,663
DA:429,663
DA:430,663
DA:431,663
DA:436,392
DA:439,392
DA:440,392
DA:442,392
DA:443,392
DA:447,392
DA:448,392
DA:451,392
DA:452,392
DA:455,392
DA:456,392
DA:461,103
DA:464,103
DA:465,103
DA:467,103
DA:468,103
DA:471,103
DA:472,103
DA:475,103
DA:476,103
DA:479,103
DA:482,103
DA:485,103
DA:491,393
DA:494,393
DA:497,393
DA:498,0
DA:499,0
DA:502,0
DA:511,10392
DA:512,10392
DA:515,10392
DA:518,10392
DA:521,10392
DA:524,10392
DA:525,10392
DA:530,363
DA:531,363
DA:532,363
DA:534,363
DA:538,0
DA:539,0
DA:541,0
DA:542,0
DA:543,0
DA:546,0
DA:549,0
DA:552,0
DA:555,0
DA:556,0
DA:563,9040
DA:564,9040
DA:567,9040
DA:568,9040
DA:573,9040
DA:574,9040
DA:577,9040
DA:578,9040
DA:579,9040
DA:582,9040
DA:585,9040
DA:588,9040
DA:591,9040
DA:592,9040
DA:598,407
DA:599,407
DA:602,407
DA:603,407
DA:605,407
DA:606,407
DA:609,407
DA:610,407
DA:613,407
DA:614,407
DA:617,407
DA:618,407
DA:621,407
DA:627,386
DA:628,386
DA:629,386
DA:632,386
DA:633,386
DA:634,386
DA:637,386
DA:638,386
DA:639,386
DA:640,386
DA:643,386
DA:652,385
DA:655,385
DA:664,391
DA:665,391
DA:668,391
DA:669,391
DA:672,391
DA:677,965
DA:678,965
DA:681,965
DA:684,965
DA:685,965
DA:688,965
DA:693,667
DA:694,667
DA:698,667
DA:701,667
DA:704,667
DA:707,667
DA:713,380
DA:714,380
DA:717,380
DA:718,380
DA:721,380
DA:727,383
DA:728,383
DA:731,383
DA:734,383
DA:737,383
DA:742,365
DA:743,365
DA:746,365
DA:748,365
DA:752,365
DA:758,644
DA:761,644
DA:765,644
FN:31,testTotalSupplyPositive
FNDA:1,testTotalSupplyPositive
FN:36,testReservesPositive
FNDA:1,testReservesPositive
FN:42,testConstantProduct
FNDA:1,testConstantProduct
FN:49,testKInvariantAfterSwap
FNDA:1,testKInvariantAfterSwap
FN:74,testKInvariantWithFees
FNDA:1,testKInvariantWithFees
FN:99,testRealisticBrokenInvariant
FNDA:1,testRealisticBrokenInvariant
FN:116,testBalancesMatchReserves
FNDA:1,testBalancesMatchReserves
FN:123,testFactoryPairAddress
FNDA:1,testFactoryPairAddress
FN:129,testGetAmountsOutAccuracy
FNDA:1,testGetAmountsOutAccuracy
FN:149,getAmountOut
FNDA:1,getAmountOut
FN:159,testGetAmountsOutDiscrepancy
FNDA:1,testGetAmountsOutDiscrepancy
FN:191,testGetAmountsOutBugScenario
FNDA:1,testGetAmountsOutBugScenario
FN:222,testGetAmountsOutEdgeCases
FNDA:1,testGetAmountsOutEdgeCases
FN:251,testTotalSupplyPositiveInvariant
FNDA:1,testTotalSupplyPositiveInvariant
FN:260,testMinimumLiquidityLocked
FNDA:1,testMinimumLiquidityLocked
FN:274,testLiquidityMintingFormula
FNDA:1,testLiquidityMintingFormula
FN:299,testFirstMintScenario
FNDA:1,testFirstMintScenario
FN:317,testLiquidityBurningFormula
FNDA:1,testLiquidityBurningFormula
FN:343,testLiquidityProvisionKInvariant
FNDA:1,testLiquidityProvisionKInvariant
FN:369,testLiquidityRemovalKInvariant
FNDA:1,testLiquidityRemovalKInvariant
FN:399,sqrt
FNDA:1,sqrt
FN:415,testProtocolFeeRate
FNDA:1,testProtocolFeeRate
FN:435,testFeeCalculationFormula
FNDA:1,testFeeCalculationFormula
FN:460,testKInvariantWithFeeEnforcement
FNDA:1,testKInvariantWithFeeEnforcement
FN:489,testFeeCollectionTracking
FNDA:1,testFeeCollectionTracking
FN:507,testKLastGreaterThanZero
FNDA:1,testKLastGreaterThanZero
FN:529,testFeeMintingFormula
FNDA:1,testFeeMintingFormula
FN:562,testFeeMintingFormulaAlways
FNDA:1,testFeeMintingFormulaAlways
FN:597,testFeeMechanismPreservesK
FNDA:1,testFeeMechanismPreservesK
FN:625,testFeeCalculationEdgeCases
FNDA:1,testFeeCalculationEdgeCases
FN:649,testLockMechanism
FNDA:1,testLockMechanism
FN:662,testFactoryOwnership
FNDA:1,testFactoryOwnership
FN:676,testTokenOrdering
FNDA:1,testTokenOrdering
FN:692,testNoSelfSwaps
FNDA:1,testNoSelfSwaps
FN:711,testReentrancyProtection
FNDA:1,testReentrancyProtection
FN:725,testAuthorizationInvariant
FNDA:1,testAuthorizationInvariant
FN:741,testStateConsistency
FNDA:1,testStateConsistency
FN:756,testAccessControl
FNDA:1,testAccessControl
end_of_record
