TN:
SF:/Users/mac/v2-core/contracts/UniswapV2ERC20.sol
DA:9,0
DA:10,0
DA:11,0
DA:12,19189
DA:13,39252
DA:14,0
DA:16,0
DA:18,0
DA:19,0
DA:25,2
DA:27,2
DA:29,2
DA:31,2
DA:32,2
DA:33,2
DA:34,2
DA:35,2
DA:41,2
DA:42,2
DA:43,2
DA:47,0
DA:48,0
DA:49,0
DA:53,0
DA:54,0
DA:58,2
DA:59,2
DA:60,2
DA:63,0
DA:64,0
DA:65,0
DA:68,2
DA:69,2
DA:70,2
DA:73,0
DA:74,0
DA:75,0
DA:77,0
DA:78,0
DA:82,0
DA:83,0
DA:86,0
DA:87,0
DA:90,0
DA:91,0
DA:92,0
FN:40,_mint
FNDA:1,_mint
FN:46,_burn
FNDA:0,_burn
FN:52,_approve
FNDA:0,_approve
FN:57,_transfer
FNDA:1,_transfer
FN:63,approve
FNDA:0,approve
FN:68,transfer
FNDA:1,transfer
FN:73,transferFrom
FNDA:0,transferFrom
FN:81,permit
FNDA:0,permit
end_of_record
SF:/Users/mac/v2-core/contracts/UniswapV2Factory.sol
DA:7,1
DA:8,0
DA:10,19691
DA:11,0
DA:16,1
DA:19,0
DA:20,0
DA:23,1
DA:24,1
DA:25,1
DA:26,1
DA:27,1
DA:28,1
DA:29,1
DA:31,1
DA:33,1
DA:34,1
DA:35,1
DA:36,1
DA:37,1
DA:41,0
DA:42,0
DA:46,0
DA:47,0
FN:19,allPairsLength
FNDA:0,allPairsLength
FN:23,createPair
FNDA:1,createPair
FN:40,setFeeTo
FNDA:0,setFeeTo
FN:45,setFeeToSetter
FNDA:0,setFeeToSetter
end_of_record
SF:/Users/mac/v2-core/contracts/UniswapV2Pair.sol
DA:15,1
DA:16,0
DA:18,0
DA:19,0
DA:20,0
DA:26,0
DA:27,0
DA:28,0
DA:30,1
DA:32,1
DA:33,1
DA:34,1
DA:35,1
DA:38,58967
DA:39,58967
DA:40,58967
DA:41,58967
DA:45,0
DA:46,0
DA:62,1
DA:67,1
DA:68,1
DA:69,1
DA:74,1
DA:75,1
DA:76,1
DA:77,1
DA:79,0
DA:80,0
DA:82,1
DA:83,1
DA:84,1
DA:85,1
DA:89,1
DA:90,1
DA:91,1
DA:92,1
DA:93,1
DA:94,0
DA:95,0
DA:96,0
DA:97,0
DA:98,0
DA:99,0
DA:100,0
DA:101,0
DA:104,1
DA:105,0
DA:110,1
DA:111,1
DA:112,1
DA:113,1
DA:114,1
DA:115,1
DA:117,1
DA:118,1
DA:119,1
DA:120,1
DA:121,1
DA:123,0
DA:125,1
DA:126,1
DA:128,1
DA:129,1
DA:130,1
DA:134,0
DA:135,0
DA:136,0
DA:137,0
DA:138,0
DA:139,0
DA:140,0
DA:142,0
DA:143,0
DA:144,0
DA:145,0
DA:146,0
DA:147,0
DA:148,0
DA:149,0
DA:150,0
DA:151,0
DA:153,0
DA:154,0
DA:155,0
DA:160,0
DA:161,0
DA:162,0
DA:164,0
DA:165,0
DA:167,0
DA:168,0
DA:169,0
DA:170,0
DA:171,0
DA:172,0
DA:173,0
DA:174,0
DA:176,0
DA:177,0
DA:178,0
DA:180,0
DA:181,0
DA:182,0
DA:185,0
DA:186,0
DA:191,0
DA:192,0
DA:193,0
DA:194,0
DA:199,0
FN:38,getReserves
FNDA:1,getReserves
FN:44,_safeTransfer
FNDA:0,_safeTransfer
FN:66,initialize
FNDA:1,initialize
FN:73,_update
FNDA:1,_update
FN:89,_mintFee
FNDA:1,_mintFee
FN:110,mint
FNDA:1,mint
FN:134,burn
FNDA:0,burn
FN:159,swap
FNDA:0,swap
FN:190,skim
FNDA:0,skim
FN:198,sync
FNDA:0,sync
end_of_record
SF:/Users/mac/v2-core/contracts/interfaces/IERC20.sol
end_of_record
SF:/Users/mac/v2-core/contracts/interfaces/IUniswapV2Callee.sol
end_of_record
SF:/Users/mac/v2-core/contracts/interfaces/IUniswapV2ERC20.sol
end_of_record
SF:/Users/mac/v2-core/contracts/interfaces/IUniswapV2Factory.sol
end_of_record
SF:/Users/mac/v2-core/contracts/interfaces/IUniswapV2Pair.sol
end_of_record
SF:/Users/mac/v2-core/contracts/libraries/Math.sol
DA:5,0
DA:6,0
DA:7,0
DA:11,1
DA:12,1
DA:13,1
DA:14,1
DA:15,76
DA:16,75
DA:17,75
DA:19,0
DA:20,0
FN:6,min
FNDA:0,min
FN:11,sqrt
FNDA:1,sqrt
end_of_record
SF:/Users/mac/v2-core/contracts/libraries/SafeMath.sol
DA:5,0
DA:6,4
DA:7,4
DA:10,3
DA:11,3
DA:14,1
DA:15,1
FN:6,add
FNDA:1,add
FN:10,sub
FNDA:1,sub
FN:14,mul
FNDA:1,mul
end_of_record
SF:/Users/mac/v2-core/contracts/libraries/UQ112x112.sol
DA:8,0
DA:9,0
DA:12,0
DA:13,0
DA:17,0
DA:18,0
FN:12,encode
FNDA:0,encode
FN:17,uqdiv
FNDA:0,uqdiv
end_of_record
SF:/Users/mac/v2-core/contracts/test/ERC20.sol
DA:5,39254
DA:7,2
end_of_record
SF:/Users/mac/v2-core/contracts/test/Invariants/Utils/Cheats.sol
end_of_record
SF:/Users/mac/v2-core/contracts/test/Invariants/v2.sol
DA:11,67
DA:12,62
DA:13,67
DA:14,60
DA:15,1
DA:18,1
DA:19,1
DA:20,1
DA:21,1
DA:24,1
DA:25,1
DA:26,1
DA:31,19189
DA:36,19477
DA:37,19477
DA:42,19864
DA:43,19864
DA:44,19864
DA:49,19625
DA:50,19625
DA:51,19625
DA:56,19691
DA:57,19691
FN:30,testTotalSupplyPositive
FNDA:1,testTotalSupplyPositive
FN:35,testReservesPositive
FNDA:1,testReservesPositive
FN:41,testConstantProduct
FNDA:1,testConstantProduct
FN:48,testBalancesMatchReserves
FNDA:1,testBalancesMatchReserves
FN:55,testFactoryPairAddress
FNDA:1,testFactoryPairAddress
end_of_record
